# JRE version: OpenJDK Runtime Environment (17.0.9) (build 17.0.9+0--11185874)
# Java VM: OpenJDK 64-Bit Server VM (17.0.9+0--11185874, mixed mode, tiered, compressed oops, compressed class ptrs, g1 gc, windows-amd64)
GC Precious Log:
 CPUs: 12 total, 12 available
 Memory: 16163M
 Large Page Support: Disabled
 NUMA Support: Disabled
 Compressed Oops: Enabled (32-bit)
 Heap Region Size: 1M
 Heap Min Capacity: 8M
 Heap Initial Capacity: 254M
 Heap Max Capacity: 2G
 Pre-touch: Disabled
 Parallel Workers: 10
 Concurrent Workers: 3
 Concurrent Refinement Workers: 10
 Periodic GC: Disabled
Heap:
 garbage-first heap   total 261120K, used 150073K [0x0000000080000000, 0x0000000100000000)
  region size 1024K, 8 young (8192K), 8 survivors (8192K)
 Metaspace       used 111764K, committed 112512K, reserved 1179648K
  class space    used 15858K, committed 16256K, reserved 1048576K
GC Heap History (20 events):
Event: 7.728 GC heap after
{Heap after GC invocations=28 (full 0):
 garbage-first heap   total 200704K, used 88297K [0x0000000080000000, 0x0000000100000000)
  region size 1024K, 7 young (7168K), 7 survivors (7168K)
 Metaspace       used 91085K, committed 91776K, reserved 1179648K
  class space    used 12674K, committed 12992K, reserved 1048576K
}
Event: 8.067 GC heap before
{Heap before GC invocations=28 (full 0):
 garbage-first heap   total 200704K, used 138473K [0x0000000080000000, 0x0000000100000000)
  region size 1024K, 57 young (58368K), 7 survivors (7168K)
 Metaspace       used 95791K, committed 96448K, reserved 1179648K
  class space    used 13336K, committed 13632K, reserved 1048576K
}
Event: 8.072 GC heap after
{Heap after GC invocations=29 (full 0):
 garbage-first heap   total 200704K, used 90708K [0x0000000080000000, 0x0000000100000000)
  region size 1024K, 7 young (7168K), 7 survivors (7168K)
 Metaspace       used 95791K, committed 96448K, reserved 1179648K
  class space    used 13336K, committed 13632K, reserved 1048576K
}
Event: 8.650 GC heap before
{Heap before GC invocations=30 (full 0):
 garbage-first heap   total 200704K, used 164436K [0x0000000080000000, 0x0000000100000000)
  region size 1024K, 80 young (81920K), 7 survivors (7168K)
 Metaspace       used 99753K, committed 100544K, reserved 1179648K
  class space    used 14031K, committed 14400K, reserved 1048576K
}
Event: 8.658 GC heap after
{Heap after GC invocations=31 (full 0):
 garbage-first heap   total 200704K, used 97858K [0x0000000080000000, 0x0000000100000000)
  region size 1024K, 10 young (10240K), 10 survivors (10240K)
 Metaspace       used 99753K, committed 100544K, reserved 1179648K
  class space    used 14031K, committed 14400K, reserved 1048576K
}
Event: 8.660 GC heap before
{Heap before GC invocations=31 (full 0):
 garbage-first heap   total 200704K, used 97858K [0x0000000080000000, 0x0000000100000000)
  region size 1024K, 11 young (11264K), 10 survivors (10240K)
 Metaspace       used 99764K, committed 100544K, reserved 1179648K
  class space    used 14033K, committed 14400K, reserved 1048576K
}
Event: 8.666 GC heap after
{Heap after GC invocations=32 (full 0):
 garbage-first heap   total 200704K, used 98545K [0x0000000080000000, 0x0000000100000000)
  region size 1024K, 2 young (2048K), 2 survivors (2048K)
 Metaspace       used 99764K, committed 100544K, reserved 1179648K
  class space    used 14033K, committed 14400K, reserved 1048576K
}
Event: 8.925 GC heap before
{Heap before GC invocations=32 (full 0):
 garbage-first heap   total 200704K, used 163057K [0x0000000080000000, 0x0000000100000000)
  region size 1024K, 66 young (67584K), 2 survivors (2048K)
 Metaspace       used 100410K, committed 101184K, reserved 1179648K
  class space    used 14140K, committed 14528K, reserved 1048576K
}
Event: 8.928 GC heap after
{Heap after GC invocations=33 (full 0):
 garbage-first heap   total 200704K, used 102650K [0x0000000080000000, 0x0000000100000000)
  region size 1024K, 6 young (6144K), 6 survivors (6144K)
 Metaspace       used 100410K, committed 101184K, reserved 1179648K
  class space    used 14140K, committed 14528K, reserved 1048576K
}
Event: 9.276 GC heap before
{Heap before GC invocations=34 (full 0):
 garbage-first heap   total 200704K, used 169210K [0x0000000080000000, 0x0000000100000000)
  region size 1024K, 67 young (68608K), 6 survivors (6144K)
 Metaspace       used 102641K, committed 103360K, reserved 1179648K
  class space    used 14310K, committed 14656K, reserved 1048576K
}
Event: 9.281 GC heap after
{Heap after GC invocations=35 (full 0):
 garbage-first heap   total 200704K, used 107910K [0x0000000080000000, 0x0000000100000000)
  region size 1024K, 7 young (7168K), 7 survivors (7168K)
 Metaspace       used 102641K, committed 103360K, reserved 1179648K
  class space    used 14310K, committed 14656K, reserved 1048576K
}
Event: 9.284 GC heap before
{Heap before GC invocations=35 (full 0):
 garbage-first heap   total 200704K, used 109958K [0x0000000080000000, 0x0000000100000000)
  region size 1024K, 9 young (9216K), 7 survivors (7168K)
 Metaspace       used 102669K, committed 103424K, reserved 1179648K
  class space    used 14313K, committed 14656K, reserved 1048576K
}
Event: 9.287 GC heap after
{Heap after GC invocations=36 (full 0):
 garbage-first heap   total 241664K, used 108094K [0x0000000080000000, 0x0000000100000000)
  region size 1024K, 2 young (2048K), 2 survivors (2048K)
 Metaspace       used 102669K, committed 103424K, reserved 1179648K
  class space    used 14313K, committed 14656K, reserved 1048576K
}
Event: 9.448 GC heap before
{Heap before GC invocations=36 (full 0):
 garbage-first heap   total 241664K, used 195134K [0x0000000080000000, 0x0000000100000000)
  region size 1024K, 88 young (90112K), 2 survivors (2048K)
 Metaspace       used 104059K, committed 104832K, reserved 1179648K
  class space    used 14539K, committed 14912K, reserved 1048576K
}
Event: 9.452 GC heap after
{Heap after GC invocations=37 (full 0):
 garbage-first heap   total 241664K, used 120644K [0x0000000080000000, 0x0000000100000000)
  region size 1024K, 11 young (11264K), 11 survivors (11264K)
 Metaspace       used 104059K, committed 104832K, reserved 1179648K
  class space    used 14539K, committed 14912K, reserved 1048576K
}
Event: 9.728 GC heap before
{Heap before GC invocations=37 (full 0):
 garbage-first heap   total 241664K, used 193348K [0x0000000080000000, 0x0000000100000000)
  region size 1024K, 83 young (84992K), 11 survivors (11264K)
 Metaspace       used 108369K, committed 109056K, reserved 1179648K
  class space    used 15269K, committed 15616K, reserved 1048576K
}
Event: 9.733 GC heap after
{Heap after GC invocations=38 (full 0):
 garbage-first heap   total 241664K, used 130884K [0x0000000080000000, 0x0000000100000000)
  region size 1024K, 11 young (11264K), 11 survivors (11264K)
 Metaspace       used 108369K, committed 109056K, reserved 1179648K
  class space    used 15269K, committed 15616K, reserved 1048576K
}
Event: 9.862 GC heap before
{Heap before GC invocations=38 (full 0):
 garbage-first heap   total 241664K, used 194372K [0x0000000080000000, 0x0000000100000000)
  region size 1024K, 73 young (74752K), 11 survivors (11264K)
 Metaspace       used 109640K, committed 110400K, reserved 1179648K
  class space    used 15503K, committed 15872K, reserved 1048576K
}
Event: 9.870 GC heap after
{Heap after GC invocations=39 (full 0):
 garbage-first heap   total 241664K, used 141399K [0x0000000080000000, 0x0000000100000000)
  region size 1024K, 10 young (10240K), 10 survivors (10240K)
 Metaspace       used 109640K, committed 110400K, reserved 1179648K
  class space    used 15503K, committed 15872K, reserved 1048576K
}
Event: 9.976 GC heap before
{Heap before GC invocations=39 (full 0):
 garbage-first heap   total 241664K, used 192599K [0x0000000080000000, 0x0000000100000000)
  region size 1024K, 61 young (62464K), 10 survivors (10240K)
 Metaspace       used 111764K, committed 112512K, reserved 1179648K
  class space    used 15858K, committed 16256K, reserved 1048576K
}

