# JRE version: OpenJDK Runtime Environment (17.0.9) (build 17.0.9+0--11185874)
# Java VM: OpenJDK 64-Bit Server VM (17.0.9+0--11185874, mixed mode, tiered, compressed oops, compressed class ptrs, g1 gc, windows-amd64)
GC Precious Log:
 CPUs: 12 total, 12 available
 Memory: 16163M
 Large Page Support: Disabled
 NUMA Support: Disabled
 Compressed Oops: Enabled (32-bit)
 Heap Region Size: 1M
 Heap Min Capacity: 8M
 Heap Initial Capacity: 254M
 Heap Max Capacity: 2G
 Pre-touch: Disabled
 Parallel Workers: 10
 Concurrent Workers: 3
 Concurrent Refinement Workers: 10
 Periodic GC: Disabled
Heap:
 garbage-first heap   total 323584K, used 232995K [0x0000000080000000, 0x0000000100000000)
  region size 1024K, 7 young (7168K), 7 survivors (7168K)
 Metaspace       used 129663K, committed 130560K, reserved 1179648K
  class space    used 18143K, committed 18560K, reserved 1048576K
GC Heap History (20 events):
Event: 17.845 GC heap after
{Heap after GC invocations=64 (full 0):
 garbage-first heap   total 269312K, used 160065K [0x0000000080000000, 0x0000000100000000)
  region size 1024K, 10 young (10240K), 10 survivors (10240K)
 Metaspace       used 116072K, committed 116928K, reserved 1179648K
  class space    used 15733K, committed 16128K, reserved 1048576K
}
Event: 17.996 GC heap before
{Heap before GC invocations=64 (full 0):
 garbage-first heap   total 269312K, used 223553K [0x0000000080000000, 0x0000000100000000)
  region size 1024K, 73 young (74752K), 10 survivors (10240K)
 Metaspace       used 116469K, committed 117248K, reserved 1179648K
  class space    used 15780K, committed 16192K, reserved 1048576K
}
Event: 18.001 GC heap after
{Heap after GC invocations=65 (full 0):
 garbage-first heap   total 269312K, used 162126K [0x0000000080000000, 0x0000000100000000)
  region size 1024K, 3 young (3072K), 3 survivors (3072K)
 Metaspace       used 116469K, committed 117248K, reserved 1179648K
  class space    used 15780K, committed 16192K, reserved 1048576K
}
Event: 18.143 GC heap before
{Heap before GC invocations=65 (full 0):
 garbage-first heap   total 269312K, used 226638K [0x0000000080000000, 0x0000000100000000)
  region size 1024K, 67 young (68608K), 3 survivors (3072K)
 Metaspace       used 116524K, committed 117376K, reserved 1179648K
  class space    used 15781K, committed 16192K, reserved 1048576K
}
Event: 18.145 GC heap after
{Heap after GC invocations=66 (full 0):
 garbage-first heap   total 269312K, used 161551K [0x0000000080000000, 0x0000000100000000)
  region size 1024K, 2 young (2048K), 2 survivors (2048K)
 Metaspace       used 116524K, committed 117376K, reserved 1179648K
  class space    used 15781K, committed 16192K, reserved 1048576K
}
Event: 18.520 GC heap before
{Heap before GC invocations=66 (full 0):
 garbage-first heap   total 269312K, used 229135K [0x0000000080000000, 0x0000000100000000)
  region size 1024K, 69 young (70656K), 2 survivors (2048K)
 Metaspace       used 116697K, committed 117632K, reserved 1179648K
  class space    used 15802K, committed 16256K, reserved 1048576K
}
Event: 18.522 GC heap after
{Heap after GC invocations=67 (full 0):
 garbage-first heap   total 269312K, used 162885K [0x0000000080000000, 0x0000000100000000)
  region size 1024K, 4 young (4096K), 4 survivors (4096K)
 Metaspace       used 116697K, committed 117632K, reserved 1179648K
  class space    used 15802K, committed 16256K, reserved 1048576K
}
Event: 18.753 GC heap before
{Heap before GC invocations=67 (full 0):
 garbage-first heap   total 269312K, used 229445K [0x0000000080000000, 0x0000000100000000)
  region size 1024K, 70 young (71680K), 4 survivors (4096K)
 Metaspace       used 117633K, committed 118464K, reserved 1179648K
  class space    used 15955K, committed 16384K, reserved 1048576K
}
Event: 18.759 GC heap after
{Heap after GC invocations=68 (full 0):
 garbage-first heap   total 269312K, used 174948K [0x0000000080000000, 0x0000000100000000)
  region size 1024K, 9 young (9216K), 9 survivors (9216K)
 Metaspace       used 117633K, committed 118464K, reserved 1179648K
  class space    used 15955K, committed 16384K, reserved 1048576K
}
Event: 19.240 GC heap before
{Heap before GC invocations=68 (full 0):
 garbage-first heap   total 269312K, used 224100K [0x0000000080000000, 0x0000000100000000)
  region size 1024K, 58 young (59392K), 9 survivors (9216K)
 Metaspace       used 121066K, committed 121920K, reserved 1179648K
  class space    used 16565K, committed 16960K, reserved 1048576K
}
Event: 19.247 GC heap after
{Heap after GC invocations=69 (full 0):
 garbage-first heap   total 323584K, used 180526K [0x0000000080000000, 0x0000000100000000)
  region size 1024K, 8 young (8192K), 8 survivors (8192K)
 Metaspace       used 121066K, committed 121920K, reserved 1179648K
  class space    used 16565K, committed 16960K, reserved 1048576K
}
Event: 19.556 GC heap before
{Heap before GC invocations=69 (full 0):
 garbage-first heap   total 323584K, used 264494K [0x0000000080000000, 0x0000000100000000)
  region size 1024K, 91 young (93184K), 8 survivors (8192K)
 Metaspace       used 123168K, committed 124032K, reserved 1179648K
  class space    used 16892K, committed 17280K, reserved 1048576K
}
Event: 19.566 GC heap after
{Heap after GC invocations=70 (full 0):
 garbage-first heap   total 323584K, used 194045K [0x0000000080000000, 0x0000000100000000)
  region size 1024K, 12 young (12288K), 12 survivors (12288K)
 Metaspace       used 123168K, committed 124032K, reserved 1179648K
  class space    used 16892K, committed 17280K, reserved 1048576K
}
Event: 19.804 GC heap before
{Heap before GC invocations=70 (full 0):
 garbage-first heap   total 323584K, used 262653K [0x0000000080000000, 0x0000000100000000)
  region size 1024K, 80 young (81920K), 12 survivors (12288K)
 Metaspace       used 126010K, committed 126912K, reserved 1179648K
  class space    used 17378K, committed 17792K, reserved 1048576K
}
Event: 19.816 GC heap after
{Heap after GC invocations=71 (full 0):
 garbage-first heap   total 323584K, used 205075K [0x0000000080000000, 0x0000000100000000)
  region size 1024K, 10 young (10240K), 10 survivors (10240K)
 Metaspace       used 126010K, committed 126912K, reserved 1179648K
  class space    used 17378K, committed 17792K, reserved 1048576K
}
Event: 19.910 GC heap before
{Heap before GC invocations=71 (full 0):
 garbage-first heap   total 323584K, used 264467K [0x0000000080000000, 0x0000000100000000)
  region size 1024K, 69 young (70656K), 10 survivors (10240K)
 Metaspace       used 126873K, committed 127744K, reserved 1179648K
  class space    used 17461K, committed 17856K, reserved 1048576K
}
Event: 19.920 GC heap after
{Heap after GC invocations=72 (full 0):
 garbage-first heap   total 323584K, used 215702K [0x0000000080000000, 0x0000000100000000)
  region size 1024K, 9 young (9216K), 9 survivors (9216K)
 Metaspace       used 126873K, committed 127744K, reserved 1179648K
  class space    used 17461K, committed 17856K, reserved 1048576K
}
Event: 20.041 GC heap before
{Heap before GC invocations=72 (full 0):
 garbage-first heap   total 323584K, used 267926K [0x0000000080000000, 0x0000000100000000)
  region size 1024K, 61 young (62464K), 9 survivors (9216K)
 Metaspace       used 128533K, committed 129408K, reserved 1179648K
  class space    used 17964K, committed 18368K, reserved 1048576K
}
Event: 20.050 GC heap after
{Heap after GC invocations=73 (full 0):
 garbage-first heap   total 323584K, used 225280K [0x0000000080000000, 0x0000000100000000)
  region size 1024K, 8 young (8192K), 8 survivors (8192K)
 Metaspace       used 128533K, committed 129408K, reserved 1179648K
  class space    used 17964K, committed 18368K, reserved 1048576K
}
Event: 20.177 GC heap before
{Heap before GC invocations=73 (full 0):
 garbage-first heap   total 323584K, used 270336K [0x0000000080000000, 0x0000000100000000)
  region size 1024K, 53 young (54272K), 8 survivors (8192K)
 Metaspace       used 129663K, committed 130560K, reserved 1179648K
  class space    used 18143K, committed 18560K, reserved 1048576K
}

